SF:lib/core/performance/performance_monitor.dart
DA:18,6
DA:20,1
DA:22,2
DA:24,3
DA:26,1
DA:29,1
DA:30,0
DA:34,1
DA:36,2
DA:38,2
DA:40,0
DA:44,3
DA:45,2
DA:47,1
DA:48,0
DA:52,3
DA:55,1
DA:57,2
DA:59,2
DA:61,0
DA:65,5
DA:67,1
DA:68,0
DA:72,1
DA:74,2
DA:76,0
DA:78,0
DA:82,0
DA:84,0
DA:85,0
DA:89,2
DA:91,4
DA:93,0
DA:94,0
DA:98,0
DA:101,1
DA:109,1
DA:110,2
DA:111,3
DA:112,2
DA:113,2
DA:117,0
DA:120,0
DA:121,0
DA:132,1
DA:140,6
DA:141,4
LF:47
LH:31
end_of_record
SF:lib/config/app_config.dart
DA:13,2
DA:21,2
DA:23,4
DA:25,2
DA:27,2
DA:36,1
DA:45,1
DA:57,0
DA:58,0
DA:59,0
LF:10
LH:7
end_of_record
SF:lib/core/analytics/user_analytics.dart
DA:29,3
DA:30,2
DA:31,1
DA:36,1
DA:37,2
DA:39,2
DA:44,1
DA:45,2
DA:46,2
DA:51,1
DA:52,2
DA:54,2
DA:59,1
DA:60,1
DA:61,1
DA:62,3
DA:63,1
DA:65,1
DA:69,1
DA:70,1
DA:71,1
DA:72,1
DA:73,3
DA:74,1
DA:76,1
DA:80,0
DA:81,0
DA:82,0
DA:83,0
DA:84,0
DA:85,0
DA:87,0
DA:91,1
DA:92,1
DA:93,1
DA:94,1
DA:95,3
DA:96,1
DA:98,1
DA:102,1
DA:103,1
DA:104,1
DA:105,1
DA:106,3
DA:107,1
DA:109,1
DA:113,1
DA:114,1
DA:115,1
DA:116,1
DA:117,3
DA:118,1
DA:120,1
DA:124,1
DA:125,1
DA:127,2
DA:129,1
DA:133,1
DA:134,1
DA:135,1
DA:136,3
DA:137,1
DA:139,1
DA:143,1
DA:144,1
DA:145,1
DA:146,1
DA:147,1
DA:148,3
DA:150,1
DA:154,1
DA:155,3
DA:156,2
DA:159,2
DA:160,2
DA:166,3
LF:76
LH:69
end_of_record
